[debug] [2024-02-12T18:54:46.843Z] ----------------------------------------------------------------------
[debug] [2024-02-12T18:54:46.844Z] Command:       /Users/mikecronin/.nvm/versions/node/v18.14.2/bin/node /Users/mikecronin/.nvm/versions/node/v18.14.2/bin/firebase init
[debug] [2024-02-12T18:54:46.844Z] CLI Version:   13.2.1
[debug] [2024-02-12T18:54:46.845Z] Platform:      darwin
[debug] [2024-02-12T18:54:46.845Z] Node Version:  v18.14.2
[debug] [2024-02-12T18:54:46.846Z] Time:          Mon Feb 12 2024 13:54:46 GMT-0500 (Eastern Standard Time)
[debug] [2024-02-12T18:54:46.846Z] ----------------------------------------------------------------------
[debug] 
[debug] [2024-02-12T18:54:46.848Z] > command requires scopes: ["email","openid","https://www.googleapis.com/auth/cloudplatformprojects.readonly","https://www.googleapis.com/auth/firebase","https://www.googleapis.com/auth/cloud-platform"]
[debug] [2024-02-12T18:54:46.849Z] > authorizing via signed-in user (mikecronin92@gmail.com)
[info] 
     ######## #### ########  ######## ########     ###     ######  ########
     ##        ##  ##     ## ##       ##     ##  ##   ##  ##       ##
     ######    ##  ########  ######   ########  #########  ######  ######
     ##        ##  ##    ##  ##       ##     ## ##     ##       ## ##
     ##       #### ##     ## ######## ########  ##     ##  ######  ########

You're about to initialize a Firebase project in this directory:

  /Users/mikecronin/Desktop/projects/firebase

[info] 
=== Project Setup
[info] 
[info] First, let's associate this project directory with a Firebase project.
[info] You can create multiple project aliases by running firebase use --add, 
[info] but for now we'll just set up a default project.
[info] 
[debug] [2024-02-12T18:54:59.805Z] >>> [apiv2][query] GET https://firebase.googleapis.com/v1beta1/projects pageSize=100
[debug] [2024-02-12T18:55:00.190Z] <<< [apiv2][status] GET https://firebase.googleapis.com/v1beta1/projects 200
[debug] [2024-02-12T18:55:00.191Z] <<< [apiv2][body] GET https://firebase.googleapis.com/v1beta1/projects [omitted]
[info] i  Using project mike-test-bb9b8 (mike-test) 
[info] 
=== Functions Setup
[debug] [2024-02-12T18:55:01.570Z] > command requires scopes: ["email","openid","https://www.googleapis.com/auth/cloudplatformprojects.readonly","https://www.googleapis.com/auth/firebase","https://www.googleapis.com/auth/cloud-platform"]
[debug] [2024-02-12T18:55:01.570Z] > authorizing via signed-in user (mikecronin92@gmail.com)
[debug] [2024-02-12T18:55:01.570Z] [iam] checking project mike-test-bb9b8 for permissions ["firebase.projects.get"]
[debug] [2024-02-12T18:55:01.571Z] >>> [apiv2][query] POST https://cloudresourcemanager.googleapis.com/v1/projects/mike-test-bb9b8:testIamPermissions [none]
[debug] [2024-02-12T18:55:01.571Z] >>> [apiv2][(partial)header] POST https://cloudresourcemanager.googleapis.com/v1/projects/mike-test-bb9b8:testIamPermissions x-goog-quota-user=projects/mike-test-bb9b8
[debug] [2024-02-12T18:55:01.571Z] >>> [apiv2][body] POST https://cloudresourcemanager.googleapis.com/v1/projects/mike-test-bb9b8:testIamPermissions {"permissions":["firebase.projects.get"]}
[debug] [2024-02-12T18:55:01.854Z] <<< [apiv2][status] POST https://cloudresourcemanager.googleapis.com/v1/projects/mike-test-bb9b8:testIamPermissions 200
[debug] [2024-02-12T18:55:01.854Z] <<< [apiv2][body] POST https://cloudresourcemanager.googleapis.com/v1/projects/mike-test-bb9b8:testIamPermissions {"permissions":["firebase.projects.get"]}
[debug] [2024-02-12T18:55:01.855Z] >>> [apiv2][query] GET https://serviceusage.googleapis.com/v1/projects/mike-test-bb9b8/services/cloudfunctions.googleapis.com [none]
[debug] [2024-02-12T18:55:01.855Z] >>> [apiv2][(partial)header] GET https://serviceusage.googleapis.com/v1/projects/mike-test-bb9b8/services/cloudfunctions.googleapis.com x-goog-quota-user=projects/mike-test-bb9b8
[debug] [2024-02-12T18:55:01.856Z] >>> [apiv2][query] GET https://serviceusage.googleapis.com/v1/projects/mike-test-bb9b8/services/runtimeconfig.googleapis.com [none]
[debug] [2024-02-12T18:55:01.856Z] >>> [apiv2][(partial)header] GET https://serviceusage.googleapis.com/v1/projects/mike-test-bb9b8/services/runtimeconfig.googleapis.com x-goog-quota-user=projects/mike-test-bb9b8
[debug] [2024-02-12T18:55:02.320Z] <<< [apiv2][status] GET https://serviceusage.googleapis.com/v1/projects/mike-test-bb9b8/services/cloudfunctions.googleapis.com 200
[debug] [2024-02-12T18:55:02.320Z] <<< [apiv2][body] GET https://serviceusage.googleapis.com/v1/projects/mike-test-bb9b8/services/cloudfunctions.googleapis.com [omitted]
[debug] [2024-02-12T18:55:02.321Z] >>> [apiv2][query] POST https://serviceusage.googleapis.com/v1/projects/mike-test-bb9b8/services/cloudfunctions.googleapis.com:enable [none]
[debug] [2024-02-12T18:55:02.321Z] >>> [apiv2][(partial)header] POST https://serviceusage.googleapis.com/v1/projects/mike-test-bb9b8/services/cloudfunctions.googleapis.com:enable x-goog-quota-user=projects/mike-test-bb9b8
[debug] [2024-02-12T18:55:02.325Z] <<< [apiv2][status] GET https://serviceusage.googleapis.com/v1/projects/mike-test-bb9b8/services/runtimeconfig.googleapis.com 200
[debug] [2024-02-12T18:55:02.325Z] <<< [apiv2][body] GET https://serviceusage.googleapis.com/v1/projects/mike-test-bb9b8/services/runtimeconfig.googleapis.com [omitted]
[debug] [2024-02-12T18:55:03.365Z] <<< [apiv2][status] POST https://serviceusage.googleapis.com/v1/projects/mike-test-bb9b8/services/cloudfunctions.googleapis.com:enable 200
[debug] [2024-02-12T18:55:03.365Z] <<< [apiv2][body] POST https://serviceusage.googleapis.com/v1/projects/mike-test-bb9b8/services/cloudfunctions.googleapis.com:enable [omitted]
[debug] [2024-02-12T18:55:13.369Z] >>> [apiv2][query] GET https://serviceusage.googleapis.com/v1/projects/mike-test-bb9b8/services/cloudfunctions.googleapis.com [none]
[debug] [2024-02-12T18:55:13.370Z] >>> [apiv2][(partial)header] GET https://serviceusage.googleapis.com/v1/projects/mike-test-bb9b8/services/cloudfunctions.googleapis.com x-goog-quota-user=projects/mike-test-bb9b8
[debug] [2024-02-12T18:55:13.917Z] <<< [apiv2][status] GET https://serviceusage.googleapis.com/v1/projects/mike-test-bb9b8/services/cloudfunctions.googleapis.com 200
[debug] [2024-02-12T18:55:13.917Z] <<< [apiv2][body] GET https://serviceusage.googleapis.com/v1/projects/mike-test-bb9b8/services/cloudfunctions.googleapis.com [omitted]
[info] Let's create a new codebase for your functions.
[info] A directory corresponding to the codebase will be created in your project
[info] with sample code pre-configured.

[info] See https://firebase.google.com/docs/functions/organize-functions for
[info] more information on organizing your functions using codebases.

[info] Functions can be deployed with firebase deploy.

[info] ✔  Wrote functions/package.json 
[info] ✔  Wrote functions/.eslintrc.js 
[info] ✔  Wrote functions/tsconfig.json 
[info] ✔  Wrote functions/tsconfig.dev.json 
[info] ✔  Wrote functions/src/index.ts 
[info] ✔  Wrote functions/.gitignore 
[info] 
=== Hosting Setup
[debug] [2024-02-12T18:55:54.951Z] >>> [apiv2][query] GET https://firebase.googleapis.com/v1beta1/projects/mike-test-bb9b8 [none]
[debug] [2024-02-12T18:55:55.407Z] <<< [apiv2][status] GET https://firebase.googleapis.com/v1beta1/projects/mike-test-bb9b8 200
[debug] [2024-02-12T18:55:55.408Z] <<< [apiv2][body] GET https://firebase.googleapis.com/v1beta1/projects/mike-test-bb9b8 {"projectId":"mike-test-bb9b8","projectNumber":"711783568744","displayName":"mike-test","name":"projects/mike-test-bb9b8","resources":{"hostingSite":"mike-test-bb9b8","realtimeDatabaseInstance":"mike-test-bb9b8-default-rtdb"},"state":"ACTIVE","etag":"1_5fe8acdf-9d36-4836-89ae-3de0edd925c4"}
[info] 
[info] Your public directory is the folder (relative to your project directory) that
[info] will contain Hosting assets to be uploaded with firebase deploy. If you
[info] have a build process for your assets, use your build's output directory.
[info] 
[debug] [2024-02-12T18:56:07.775Z] >>> [apiv2][query] GET https://www.gstatic.com/firebasejs/releases.json [none]
[debug] [2024-02-12T18:56:07.869Z] <<< [apiv2][status] GET https://www.gstatic.com/firebasejs/releases.json 200
[debug] [2024-02-12T18:56:07.869Z] <<< [apiv2][body] GET https://www.gstatic.com/firebasejs/releases.json {"current":{"version":"10.8.0","browserURL":"https://www.gstatic.com/firebasejs/10.8.0/firebase.js","packageURL":"https://www.gstatic.com/firebasejs/10.8.0/firebase.tgz"},"live":{"version":"10.8","browserURL":"https://www.gstatic.com/firebasejs/live/10.8/firebase.js","packageURL":"https://www.gstatic.com/firebasejs/live/10.8/firebase.tgz"},"components":{"analytics":"https://www.gstatic.com/firebasejs/10.8.0/firebase-analytics.js","app":"https://www.gstatic.com/firebasejs/10.8.0/firebase-app.js","app-check":"https://www.gstatic.com/firebasejs/10.8.0/firebase-app-check.js","auth":"https://www.gstatic.com/firebasejs/10.8.0/firebase-auth.js","auth/cordova":"https://www.gstatic.com/firebasejs/10.8.0/firebase-auth/cordova.js","auth/web-extension":"https://www.gstatic.com/firebasejs/10.8.0/firebase-auth/web-extension.js","functions":"https://www.gstatic.com/firebasejs/10.8.0/firebase-functions.js","firestore":"https://www.gstatic.com/firebasejs/10.8.0/firebase-firestore.js","firestore/lite":"https://www.gstatic.com/firebasejs/10.8.0/firebase-firestore/lite.js","installations":"https://www.gstatic.com/firebasejs/10.8.0/firebase-installations.js","storage":"https://www.gstatic.com/firebasejs/10.8.0/firebase-storage.js","performance":"https://www.gstatic.com/firebasejs/10.8.0/firebase-performance.js","remote-config":"https://www.gstatic.com/firebasejs/10.8.0/firebase-remote-config.js","messaging":"https://www.gstatic.com/firebasejs/10.8.0/firebase-messaging.js","messaging/sw":"https://www.gstatic.com/firebasejs/10.8.0/firebase-messaging/sw.js","database":"https://www.gstatic.com/firebasejs/10.8.0/firebase-database.js","firestore.memory":"https://www.gstatic.com/firebasejs/10.8.0/firebase-firestore.memory.js"}}
[info] ✔  Wrote public/index.html 
[info] 
[info] i  Didn't detect a .git folder. Assuming /Users/mikecronin/Desktop/projects/firebase is the project root. 
[info] i  Authorizing with GitHub to upload your service account to a GitHub repository's secrets store. 
[info] 
[info] Visit this URL on this device to log in:
[info] https://github.com/login/oauth/authorize?client_id=89cf50f02ac6aaed3484&state=131547221&redirect_uri=http%3A%2F%2Flocalhost%3A9005&scope=read%3Auser%20repo%20public_repo
[info] 
[info] Waiting for authentication...
[debug] [2024-02-12T18:56:26.618Z] >>> [apiv2][query] POST https://github.com/login/oauth/access_token [none]
[debug] [2024-02-12T18:56:26.618Z] >>> [apiv2][body] POST https://github.com/login/oauth/access_token [stream]
[debug] [2024-02-12T18:56:26.817Z] <<< [apiv2][status] POST https://github.com/login/oauth/access_token 200
[debug] [2024-02-12T18:56:26.817Z] <<< [apiv2][body] POST https://github.com/login/oauth/access_token {"access_token":"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","token_type":"bearer","scope":"read:user,repo"}
[debug] [2024-02-12T18:56:26.821Z] >>> [apiv2][query] GET https://api.github.com/user [none]
[debug] [2024-02-12T18:56:27.033Z] <<< [apiv2][status] GET https://api.github.com/user 200
[debug] [2024-02-12T18:56:27.033Z] <<< [apiv2][body] GET https://api.github.com/user {"login":"MostlyFocusedMike","id":29032846,"node_id":"MDQ6VXNlcjI5MDMyODQ2","avatar_url":"https://avatars.githubusercontent.com/u/29032846?v=4","gravatar_id":"","url":"https://api.github.com/users/MostlyFocusedMike","html_url":"https://github.com/MostlyFocusedMike","followers_url":"https://api.github.com/users/MostlyFocusedMike/followers","following_url":"https://api.github.com/users/MostlyFocusedMike/following{/other_user}","gists_url":"https://api.github.com/users/MostlyFocusedMike/gists{/gist_id}","starred_url":"https://api.github.com/users/MostlyFocusedMike/starred{/owner}{/repo}","subscriptions_url":"https://api.github.com/users/MostlyFocusedMike/subscriptions","organizations_url":"https://api.github.com/users/MostlyFocusedMike/orgs","repos_url":"https://api.github.com/users/MostlyFocusedMike/repos","events_url":"https://api.github.com/users/MostlyFocusedMike/events{/privacy}","received_events_url":"https://api.github.com/users/MostlyFocusedMike/received_events","type":"User","site_admin":false,"name":"Mike Cronin","company":null,"blog":"https://mostlyfocused.com","location":"New York City","email":"mostlyfocusedmike@gmail.com","hireable":null,"bio":"Director of Curriculum at the Marcy Lab School","twitter_username":null,"public_repos":469,"public_gists":32,"followers":33,"following":6,"created_at":"2017-05-29T05:51:42Z","updated_at":"2024-02-09T02:15:32Z","private_gists":3,"total_private_repos":16,"owned_private_repos":9,"disk_usage":130058,"collaborators":0,"two_factor_authentication":true,"plan":{"name":"free","space":976562499,"collaborators":0,"private_repos":10000}}
[info] 
[info] ✔  Success! Logged into GitHub as MostlyFocusedMike 
[info] 
